{"content": {"suites": {"0": {"status": {"total_pass": 5, "total_skip": 0, "total_xpass": 0, "total_xfail": 0, "total_rerun": 0, "total_fail": 5, "total_error": 0}, "tests": {"0": {"status": "PASS", "message": "", "test_name": "test_login", "rerun": "0"}, "1": {"status": "PASS", "message": "", "test_name": "test_billPay", "rerun": "0"}, "2": {"status": "PASS", "message": "", "test_name": "test_selectUtility", "rerun": "0"}, "3": {"status": "PASS", "message": "", "test_name": "test_selectElectricity", "rerun": "0"}, "4": {"status": "PASS", "message": "", "test_name": "test_selectPrepaid", "rerun": "0"}, "5": {"status": "FAIL", "message": "   selenium.common.exceptions.NoSuchElementException: Message: An element could not be located on the page using the given search parameters.; For documentation on this error, please visit: https://www.selenium.dev/documentation/webdriver/troubleshooting/errors#no-such-element-exception\n   Stacktrace:\n   NoSuchElementError: An element could not be located on the page using the given search parameters.\n       at AndroidUiautomator2Driver.findElOrEls (C:\\Users\\lamisha.poushy\\.appium\\node_modules\\appium-uiautomator2-driver\\node_modules\\appium-android-driver\\lib\\commands\\find.ts:86:11)\n       at processTicksAndRejections (node:internal/process/task_queues:105:5)\n       at AndroidUiautomator2Driver.findElOrElsWithProcessing (C:\\Users\\lamisha.poushy\\AppData\\Roaming\\npm\\node_modules\\appium\\node_modules\\@appium\\base-driver\\lib\\basedriver\\commands\\find.ts:60:12)\n       at AndroidUiautomator2Driver.findElement (C:\\Users\\lamisha.poushy\\AppData\\Roaming\\npm\\node_modules\\appium\\node_modules\\@appium\\base-driver\\lib\\basedriver\\commands\\find.ts:75:12)\n", "test_name": "test_selectBREB", "rerun": "0"}, "6": {"status": "FAIL", "message": "   selenium.common.exceptions.NoSuchElementException: Message: An element could not be located on the page using the given search parameters.; For documentation on this error, please visit: https://www.selenium.dev/documentation/webdriver/troubleshooting/errors#no-such-element-exception\n   Stacktrace:\n   NoSuchElementError: An element could not be located on the page using the given search parameters.\n       at AndroidUiautomator2Driver.findElOrEls (C:\\Users\\lamisha.poushy\\.appium\\node_modules\\appium-uiautomator2-driver\\node_modules\\appium-android-driver\\lib\\commands\\find.ts:86:11)\n       at processTicksAndRejections (node:internal/process/task_queues:105:5)\n       at AndroidUiautomator2Driver.findElOrElsWithProcessing (C:\\Users\\lamisha.poushy\\AppData\\Roaming\\npm\\node_modules\\appium\\node_modules\\@appium\\base-driver\\lib\\basedriver\\commands\\find.ts:60:12)\n       at AndroidUiautomator2Driver.findElement (C:\\Users\\lamisha.poushy\\AppData\\Roaming\\npm\\node_modules\\appium\\node_modules\\@appium\\base-driver\\lib\\basedriver\\commands\\find.ts:75:12)\n", "test_name": "test_inputFields", "rerun": "0"}, "7": {"status": "FAIL", "message": "   selenium.common.exceptions.NoSuchElementException: Message: An element could not be located on the page using the given search parameters.; For documentation on this error, please visit: https://www.selenium.dev/documentation/webdriver/troubleshooting/errors#no-such-element-exception\n   Stacktrace:\n   NoSuchElementError: An element could not be located on the page using the given search parameters.\n       at AndroidUiautomator2Driver.findElOrEls (C:\\Users\\lamisha.poushy\\.appium\\node_modules\\appium-uiautomator2-driver\\node_modules\\appium-android-driver\\lib\\commands\\find.ts:86:11)\n       at processTicksAndRejections (node:internal/process/task_queues:105:5)\n       at AndroidUiautomator2Driver.findElOrElsWithProcessing (C:\\Users\\lamisha.poushy\\AppData\\Roaming\\npm\\node_modules\\appium\\node_modules\\@appium\\base-driver\\lib\\basedriver\\commands\\find.ts:60:12)\n       at AndroidUiautomator2Driver.findElement (C:\\Users\\lamisha.poushy\\AppData\\Roaming\\npm\\node_modules\\appium\\node_modules\\@appium\\base-driver\\lib\\basedriver\\commands\\find.ts:75:12)\n", "test_name": "test_submit", "rerun": "0"}, "8": {"status": "FAIL", "message": "   selenium.common.exceptions.NoSuchElementException: Message: An element could not be located on the page using the given search parameters.; For documentation on this error, please visit: https://www.selenium.dev/documentation/webdriver/troubleshooting/errors#no-such-element-exception\n   Stacktrace:\n   NoSuchElementError: An element could not be located on the page using the given search parameters.\n       at AndroidUiautomator2Driver.findElOrEls (C:\\Users\\lamisha.poushy\\.appium\\node_modules\\appium-uiautomator2-driver\\node_modules\\appium-android-driver\\lib\\commands\\find.ts:86:11)\n       at processTicksAndRejections (node:internal/process/task_queues:105:5)\n       at AndroidUiautomator2Driver.findElOrElsWithProcessing (C:\\Users\\lamisha.poushy\\AppData\\Roaming\\npm\\node_modules\\appium\\node_modules\\@appium\\base-driver\\lib\\basedriver\\commands\\find.ts:60:12)\n       at AndroidUiautomator2Driver.findElement (C:\\Users\\lamisha.poushy\\AppData\\Roaming\\npm\\node_modules\\appium\\node_modules\\@appium\\base-driver\\lib\\basedriver\\commands\\find.ts:75:12)\n", "test_name": "test_enterPIN", "rerun": "0"}, "9": {"status": "FAIL", "message": "   selenium.common.exceptions.NoSuchElementException: Message: An element could not be located on the page using the given search parameters.; For documentation on this error, please visit: https://www.selenium.dev/documentation/webdriver/troubleshooting/errors#no-such-element-exception\n   Stacktrace:\n   NoSuchElementError: An element could not be located on the page using the given search parameters.\n       at AndroidUiautomator2Driver.findElOrEls (C:\\Users\\lamisha.poushy\\.appium\\node_modules\\appium-uiautomator2-driver\\node_modules\\appium-android-driver\\lib\\commands\\find.ts:86:11)\n       at processTicksAndRejections (node:internal/process/task_queues:105:5)\n       at AndroidUiautomator2Driver.findElOrElsWithProcessing (C:\\Users\\lamisha.poushy\\AppData\\Roaming\\npm\\node_modules\\appium\\node_modules\\@appium\\base-driver\\lib\\basedriver\\commands\\find.ts:60:12)\n       at AndroidUiautomator2Driver.findElement (C:\\Users\\lamisha.poushy\\AppData\\Roaming\\npm\\node_modules\\appium\\node_modules\\@appium\\base-driver\\lib\\basedriver\\commands\\find.ts:75:12)\n", "test_name": "test_loginDetails", "rerun": "0"}}, "suite_name": "pages/test_d.py"}}}, "date": "August 03, 2025", "start_time": 1754203168.3406818, "total_suite": 1, "status": "FAIL", "status_list": {"pass": "5", "fail": "5", "skip": "0", "error": "0", "xpass": "0", "xfail": "0", "rerun": "0"}, "total_tests": "10"}